android/app/build/intermediates/manifest_merge_blame_file/release/manifest-merger-blame-release-report.txt
1<?xml version="1.0" encoding="utf-8"?>
2<manifest xmlns:android="http://schemas.android.com/apk/res/android"
3    package="com.ru"
4    android:versionCode="1"
5    android:versionName="1.0" >
6
7    <uses-sdk
8        android:minSdkVersion="21"
8-->src/main/AndroidManifest.xml
9        android:targetSdkVersion="31" />
9-->src/main/AndroidManifest.xml
10
11    <uses-permission android:name="android.permission.INTERNET" />
11-->src/main/AndroidManifest.xml:5:5-67
11-->src/main/AndroidManifest.xml:5:22-64
12
13    <application
13-->src/main/AndroidManifest.xml:7:5-39:19
14        android:name="com.ru.MainApplication"
14-->src/main/AndroidManifest.xml:8:9-40
15        android:allowBackup="false"
15-->src/main/AndroidManifest.xml:9:9-36
16        android:appComponentFactory="androidx.core.app.CoreComponentFactory"
16-->[androidx.core:core:1.7.0] AndroidManifest.xml:24:18-86
17        android:icon="@mipmap/ic_launcher"
17-->src/main/AndroidManifest.xml:10:9-43
18        android:label="@string/app_name"
18-->src/main/AndroidManifest.xml:11:9-41
19        android:roundIcon="@mipmap/ic_launcher_round"
19-->src/main/AndroidManifest.xml:12:9-54
20        android:theme="@style/AppTheme" >
20-->src/main/AndroidManifest.xml:13:9-40
21        <receiver
21-->src/main/AndroidManifest.xml:14:9-24:20
22            android:name="com.ru.MyWidget"
22-->src/main/AndroidManifest.xml:15:13-37
23            android:exported="false" >
23-->src/main/AndroidManifest.xml:16:13-37
24            <intent-filter>
24-->src/main/AndroidManifest.xml:17:13-19:29
25                <action android:name="android.appwidget.action.APPWIDGET_UPDATE" />
25-->src/main/AndroidManifest.xml:18:17-84
25-->src/main/AndroidManifest.xml:18:25-81
26            </intent-filter>
27
28            <meta-data
28-->src/main/AndroidManifest.xml:21:13-23:58
29                android:name="android.appwidget.provider"
29-->src/main/AndroidManifest.xml:22:17-58
30                android:resource="@xml/my_widget_info" />
30-->src/main/AndroidManifest.xml:23:17-55
31        </receiver>
32
33        <activity
33-->src/main/AndroidManifest.xml:26:9-38:20
34            android:name="com.ru.MainActivity"
34-->src/main/AndroidManifest.xml:27:13-41
35            android:configChanges="keyboard|keyboardHidden|orientation|screenLayout|screenSize|smallestScreenSize|uiMode"
35-->src/main/AndroidManifest.xml:28:13-122
36            android:exported="true"
36-->src/main/AndroidManifest.xml:29:13-36
37            android:label="@string/app_name"
37-->src/main/AndroidManifest.xml:30:13-45
38            android:launchMode="singleTask"
38-->src/main/AndroidManifest.xml:31:13-44
39            android:windowSoftInputMode="adjustResize" >
39-->src/main/AndroidManifest.xml:32:13-55
40            <intent-filter>
40-->src/main/AndroidManifest.xml:33:13-37:29
41                <action android:name="android.intent.action.MAIN" />
41-->src/main/AndroidManifest.xml:34:17-69
41-->src/main/AndroidManifest.xml:34:25-66
42
43                <category android:name="android.intent.category.LAUNCHER" />
43-->src/main/AndroidManifest.xml:36:17-77
43-->src/main/AndroidManifest.xml:36:27-74
44            </intent-filter>
45        </activity>
46
47        <provider
47-->[androidx.emoji2:emoji2:1.0.0] AndroidManifest.xml:26:9-34:20
48            android:name="androidx.startup.InitializationProvider"
48-->[androidx.emoji2:emoji2:1.0.0] AndroidManifest.xml:27:13-67
49            android:authorities="com.ru.androidx-startup"
49-->[androidx.emoji2:emoji2:1.0.0] AndroidManifest.xml:28:13-68
50            android:exported="false" >
50-->[androidx.emoji2:emoji2:1.0.0] AndroidManifest.xml:29:13-37
51            <meta-data
51-->[androidx.emoji2:emoji2:1.0.0] AndroidManifest.xml:31:13-33:52
52                android:name="androidx.emoji2.text.EmojiCompatInitializer"
52-->[androidx.emoji2:emoji2:1.0.0] AndroidManifest.xml:32:17-75
53                android:value="androidx.startup" />
53-->[androidx.emoji2:emoji2:1.0.0] AndroidManifest.xml:33:17-49
54            <meta-data
54-->[androidx.lifecycle:lifecycle-process:2.4.0] AndroidManifest.xml:31:13-33:52
55                android:name="androidx.lifecycle.ProcessLifecycleInitializer"
55-->[androidx.lifecycle:lifecycle-process:2.4.0] AndroidManifest.xml:32:17-78
56                android:value="androidx.startup" />
56-->[androidx.lifecycle:lifecycle-process:2.4.0] AndroidManifest.xml:33:17-49
57        </provider>
58    </application>
59
60</manifest>